poormanray run --name ${NAME} --command 'tail -n 15 ~/screen_output.txt'
[INFO][17:32:48] Running command on instances with project=infini-gram_dolma2 in region us-east-1
[INFO][17:32:49] Found 24 instances matching the specified tags
[INFO][17:32:49] Running command on instance i-00484e52618b24b1c (infini-gram_dolma2-0000)
Instance i-00484e52618b24b1c:
stdout: 100.00%    2.76 TB / 2.76 TB (301.48 MB/s)
100.00%    2.76 TB / 2.76 TB (301.48 MB/s)
100.00%    2.76 TB / 2.76 TB (282.03 MB/s)
100.00%    2.76 TB / 2.76 TB (282.03 MB/s)
100.00%    2.76 TB / 2.76 TB (282.03 MB/s)
100.00%    2.76 TB / 2.76 TB (263.84 MB/s)
100.00%    2.76 TB / 2.76 TB (805.02 MB/s
) 57m12s (5/5)

real    57m11.842s
user    163m19.611s
sys     32m43.392s
Upload data: Done
------------------------------------------------
stderr: 

[INFO][17:32:50] Running command on instance i-0147b88b9f7ede8a5 (infini-gram_dolma2-0001)
Instance i-0147b88b9f7ede8a5:
stdout: 100.00%    2.57 TB / 2.57 TB (271.48 MB/s)
100.00%    2.57 TB / 2.57 TB (271.48 MB/s)
100.00%    2.57 TB / 2.57 TB (253.97 MB/s)
100.00%    2.57 TB / 2.57 TB (253.97 MB/s)
100.00%    2.57 TB / 2.57 TB (253.97 MB/s)
100.00%    2.57 TB / 2.57 TB (237.58 MB/s)
100.00%    2.57 TB / 2.57 TB (756.51 MB/s
) 56m40s (5/5)

real    56m40.628s
user    151m0.595s
sys     30m9.294s
Upload data: Done
------------------------------------------------
stderr: 

[INFO][17:32:52] Running command on instance i-0f72ce77e8d43e2db (infini-gram_dolma2-0002)
Instance i-0f72ce77e8d43e2db:
stdout: 100.00%    2.79 TB / 2.79 TB (314.30 MB/s)
100.00%    2.79 TB / 2.79 TB (314.30 MB/s)
100.00%    2.79 TB / 2.79 TB (294.02 MB/s)
100.00%    2.79 TB / 2.79 TB (294.02 MB/s)
100.00%    2.79 TB / 2.79 TB (294.02 MB/s)
100.00%    2.79 TB / 2.79 TB (275.05 MB/s)
100.00%    2.79 TB / 2.79 TB (801.77 MB/
s) 58m3s (5/5)

real    58m2.838s
user    164m36.706s
sys     35m50.289s
Upload data: Done
------------------------------------------------
stderr: 

[INFO][17:32:53] Running command on instance i-03aa6471e4e71020b (infini-gram_dolma2-0003)
Instance i-03aa6471e4e71020b:
stdout: 100.00%    2.90 TB / 2.90 TB (257.91 MB/s)
100.00%    2.90 TB / 2.90 TB (257.91 MB/s)
100.00%    2.90 TB / 2.90 TB (241.27 MB/s)
100.00%    2.90 TB / 2.90 TB (241.27 MB/s)
100.00%    2.90 TB / 2.90 TB (241.27 MB/s)
100.00%    2.90 TB / 2.90 TB (225.70 MB/s)
100.00%    2.90 TB / 2.90 TB (782.40 MB/s)
 1h1m53s (5/5)

real    61m52.669s
user    171m47.971s
sys     35m47.521s
Upload data: Done
------------------------------------------------
stderr: 

[INFO][17:32:55] Running command on instance i-05ab96cf6740cf812 (infini-gram_dolma2-0004)
Instance i-05ab96cf6740cf812:
stdout: 100.00%    2.62 TB / 2.62 TB (307.37 MB/s)
100.00%    2.62 TB / 2.62 TB (307.37 MB/s)
100.00%    2.62 TB / 2.62 TB (307.37 MB/s)
100.00%    2.62 TB / 2.62 TB (287.54 MB/s)
100.00%    2.62 TB / 2.62 TB (287.54 MB/s)
100.00%    2.62 TB / 2.62 TB (287.54 MB/s)
100.00%    2.62 TB / 2.62 TB (759.90 MB/s
) 57m26s (5/5)

real    57m26.613s
user    154m13.407s
sys     32m33.603s
Upload data: Done
------------------------------------------------
stderr: 

[INFO][17:32:57] Running command on instance i-0d7b0765956657103 (infini-gram_dolma2-0005)
Instance i-0d7b0765956657103:
stdout: 100.00%    2.75 TB / 2.75 TB (159.70 MB/s)
100.00%    2.75 TB / 2.75 TB (159.70 MB/s)
100.00%    2.75 TB / 2.75 TB (149.39 MB/s)
100.00%    2.75 TB / 2.75 TB (149.39 MB/s)
100.00%    2.75 TB / 2.75 TB (149.39 MB/s)
100.00%    2.75 TB / 2.75 TB (139.76 MB/s)
100.00%    2.75 TB / 2.75 TB (758.77 MB/s)
 1h0m21s (5/5)

real    60m20.837s
user    162m8.972s
sys     33m31.903s
Upload data: Done
------------------------------------------------
stderr: 

[INFO][17:32:59] Running command on instance i-08fb2d820aedbd28d (infini-gram_dolma2-0006)
Instance i-08fb2d820aedbd28d:
stdout: 100.00%    2.58 TB / 2.58 TB (295.72 MB/s)
100.00%    2.58 TB / 2.58 TB (295.72 MB/s)
100.00%    2.58 TB / 2.58 TB (295.72 MB/s)
100.00%    2.58 TB / 2.58 TB (276.64 MB/s)
100.00%    2.58 TB / 2.58 TB (276.64 MB/s)
100.00%    2.58 TB / 2.58 TB (276.64 MB/s)
100.00%    2.58 TB / 2.58 TB (753.51 MB/
s) 57m5s (5/5)

real    57m5.600s
user    152m19.816s
sys     30m13.631s
Upload data: Done
------------------------------------------------
stderr: 

[INFO][17:33:01] Running command on instance i-00f249e0c6c6d81cb (infini-gram_dolma2-0007)
Instance i-00f249e0c6c6d81cb:
stdout: 100.00%    2.61 TB / 2.61 TB (289.76 MB/s)
100.00%    2.61 TB / 2.61 TB (271.07 MB/s)
100.00%    2.61 TB / 2.61 TB (271.07 MB/s)
100.00%    2.61 TB / 2.61 TB (271.07 MB/s)
100.00%    2.61 TB / 2.61 TB (253.58 MB/s)
100.00%    2.61 TB / 2.61 TB (253.58 MB/s)
100.00%    2.61 TB / 2.61 TB (752.32 MB/s
) 57m46s (5/5)

real    57m45.738s
user    153m51.691s
sys     30m37.709s
Upload data: Done
------------------------------------------------
stderr: 

[INFO][17:33:02] Running command on instance i-03487cd257c2e3f23 (infini-gram_dolma2-0008)
Instance i-03487cd257c2e3f23:
stdout: 100.00%    2.58 TB / 2.58 TB (322.93 MB/s)
100.00%    2.58 TB / 2.58 TB (322.93 MB/s)
100.00%    2.58 TB / 2.58 TB (322.93 MB/s)
100.00%    2.58 TB / 2.58 TB (302.09 MB/s)
100.00%    2.58 TB / 2.58 TB (302.09 MB/s)
100.00%    2.58 TB / 2.58 TB (302.09 MB/s)
100.00%    2.58 TB / 2.58 TB (771.45 MB/s
) 55m39s (5/5)

real    55m38.632s
user    152m17.553s
sys     31m28.124s
Upload data: Done
------------------------------------------------
stderr: 

[INFO][17:33:04] Running command on instance i-013f65a0831a4e86c (infini-gram_dolma2-0009)
Instance i-013f65a0831a4e86c:
stdout: 
stderr: tail: cannot open '/home/ubuntu/screen_output.txt' for reading: No such file or directory

[INFO][17:33:06] Running command on instance i-01a99e89e092d13da (infini-gram_dolma2-0010)
Instance i-01a99e89e092d13da:
stdout: 100.00%    2.86 TB / 2.86 TB (295.50 MB/s)
100.00%    2.86 TB / 2.86 TB (276.44 MB/s)
100.00%    2.86 TB / 2.86 TB (276.44 MB/s)
100.00%    2.86 TB / 2.86 TB (276.44 MB/s)
100.00%    2.86 TB / 2.86 TB (258.60 MB/s)
100.00%    2.86 TB / 2.86 TB (258.60 MB/s)
100.00%    2.86 TB / 2.86 TB (768.03 MB/s
) 1h2m8s (5/5)

real    62m8.527s
user    168m24.780s
sys     35m0.185s
Upload data: Done
------------------------------------------------
stderr: 

[INFO][17:33:08] Running command on instance i-0bdd3f1191ff07c02 (infini-gram_dolma2-0011)
Instance i-0bdd3f1191ff07c02:
stdout: 100.00%    2.65 TB / 2.65 TB (315.78 MB/s)
100.00%    2.65 TB / 2.65 TB (295.41 MB/s)
100.00%    2.65 TB / 2.65 TB (295.41 MB/s)
100.00%    2.65 TB / 2.65 TB (295.41 MB/s)
100.00%    2.65 TB / 2.65 TB (276.35 MB/s)
100.00%    2.65 TB / 2.65 TB (276.35 MB/s)
100.00%    2.65 TB / 2.65 TB (746.48 MB/s
) 59m14s (5/5)

real    59m13.873s
user    156m34.864s
sys     31m37.622s
Upload data: Done
------------------------------------------------
stderr: 

[INFO][17:33:10] Running command on instance i-03ebb3e5cb4492e7b (infini-gram_dolma2-0012)
Instance i-03ebb3e5cb4492e7b:
stdout: 100.00%    2.54 TB / 2.54 TB (296.44 MB/s)
100.00%    2.54 TB / 2.54 TB (296.44 MB/s)
100.00%    2.54 TB / 2.54 TB (296.44 MB/s)
100.00%    2.54 TB / 2.54 TB (277.32 MB/s)
100.00%    2.54 TB / 2.54 TB (277.32 MB/s)
100.00%    2.54 TB / 2.54 TB (277.32 MB/s)
100.00%    2.54 TB / 2.54 TB (760.88 MB/s
) 55m44s (5/5)

real    55m43.942s
user    150m26.088s
sys     30m31.430s
Upload data: Done
------------------------------------------------
stderr: 

[INFO][17:33:12] Running command on instance i-0cb38f6aafc836518 (infini-gram_dolma2-0013)
Instance i-0cb38f6aafc836518:
stdout: 100.00%    2.77 TB / 2.77 TB (305.62 MB/s)
100.00%    2.77 TB / 2.77 TB (285.90 MB/s)
100.00%    2.77 TB / 2.77 TB (285.90 MB/s)
100.00%    2.77 TB / 2.77 TB (285.90 MB/s)
100.00%    2.77 TB / 2.77 TB (267.46 MB/s)
100.00%    2.77 TB / 2.77 TB (267.46 MB/s)
100.00%    2.77 TB / 2.77 TB (776.12 MB/s
) 59m23s (5/5)

real    59m23.381s
user    163m13.074s
sys     32m4.724s
Upload data: Done
------------------------------------------------
stderr: 

[INFO][17:33:14] Running command on instance i-07ec883b4b6a0dd46 (infini-gram_dolma2-0014)
Instance i-07ec883b4b6a0dd46:
stdout: 100.00%    2.45 TB / 2.45 TB (224.88 MB/s)
100.00%    2.45 TB / 2.45 TB (224.88 MB/s)
100.00%    2.45 TB / 2.45 TB (224.88 MB/s)
100.00%    2.45 TB / 2.45 TB (210.37 MB/s)
100.00%    2.45 TB / 2.45 TB (210.37 MB/s)
100.00%    2.45 TB / 2.45 TB (210.37 MB/s)
100.00%    2.45 TB / 2.45 TB (708.06 MB/s
) 57m35s (5/5)

real    57m35.069s
user    143m34.107s
sys     31m28.076s
Upload data: Done
------------------------------------------------
stderr: 

[INFO][17:33:16] Running command on instance i-0913a691df9df8151 (infini-gram_dolma2-0015)
Instance i-0913a691df9df8151:
stdout: 100.00%    2.56 TB / 2.56 TB (280.84 MB/s)
100.00%    2.56 TB / 2.56 TB (280.84 MB/s)
100.00%    2.56 TB / 2.56 TB (280.84 MB/s)
100.00%    2.56 TB / 2.56 TB (262.72 MB/s)
100.00%    2.56 TB / 2.56 TB (262.72 MB/s)
100.00%    2.56 TB / 2.56 TB (262.72 MB/s)
100.00%    2.56 TB / 2.56 TB (740.56 MB/s
) 57m40s (5/5)

real    57m39.752s
user    150m59.921s
sys     29m51.864s
Upload data: Done
------------------------------------------------
stderr: 

[INFO][17:33:18] Running command on instance i-0eff612c6ad448890 (infini-gram_dolma2-0016)
Instance i-0eff612c6ad448890:
stdout: 100.00%    2.86 TB / 2.86 TB (293.81 MB/s)
100.00%    2.86 TB / 2.86 TB (274.86 MB/s)
100.00%    2.86 TB / 2.86 TB (274.86 MB/s)
100.00%    2.86 TB / 2.86 TB (274.86 MB/s)
100.00%    2.86 TB / 2.86 TB (257.12 MB/s)
100.00%    2.86 TB / 2.86 TB (257.12 MB/s)
100.00%    2.86 TB / 2.86 TB (781.60 MB/s)
 1h0m59s (5/5)

real    60m59.438s
user    168m39.420s
sys     36m47.957s
Upload data: Done
------------------------------------------------
stderr: 

[INFO][17:33:20] Running command on instance i-04df342aaf9c22cda (infini-gram_dolma2-0017)
Instance i-04df342aaf9c22cda:
stdout: 100.00%    2.53 TB / 2.53 TB (313.59 MB/s)
100.00%    2.53 TB / 2.53 TB (313.59 MB/s)
100.00%    2.53 TB / 2.53 TB (313.59 MB/s)
100.00%    2.53 TB / 2.53 TB (293.35 MB/s)
100.00%    2.53 TB / 2.53 TB (293.35 MB/s)
100.00%    2.53 TB / 2.53 TB (293.35 MB/s)
100.00%    2.53 TB / 2.53 TB (776.52 MB/s
) 54m22s (5/5)

real    54m21.789s
user    148m51.311s
sys     31m57.299s
Upload data: Done
------------------------------------------------
stderr: 

[INFO][17:33:22] Running command on instance i-0b734738813a38750 (infini-gram_dolma2-0018)
Instance i-0b734738813a38750:
stdout: 100.00%    2.50 TB / 2.50 TB (283.83 MB/s)
100.00%    2.50 TB / 2.50 TB (283.83 MB/s)
100.00%    2.50 TB / 2.50 TB (265.52 MB/s)
100.00%    2.50 TB / 2.50 TB (265.52 MB/s)
100.00%    2.50 TB / 2.50 TB (265.52 MB/s)
100.00%    2.50 TB / 2.50 TB (248.39 MB/s)
100.00%    2.50 TB / 2.50 TB (754.06 MB/s
) 55m20s (5/5)

real    55m20.246s
user    147m43.553s
sys     29m12.200s
Upload data: Done
------------------------------------------------
stderr: 

[INFO][17:33:24] Running command on instance i-04f0714b9b98c24e9 (infini-gram_dolma2-0019)
Instance i-04f0714b9b98c24e9:
stdout: 100.00%    2.84 TB / 2.84 TB (271.95 MB/s)
100.00%    2.84 TB / 2.84 TB (254.41 MB/s)
100.00%    2.84 TB / 2.84 TB (254.41 MB/s)
100.00%    2.84 TB / 2.84 TB (254.41 MB/s)
100.00%    2.84 TB / 2.84 TB (237.99 MB/s)
100.00%    2.84 TB / 2.84 TB (237.99 MB/s)
100.00%    2.84 TB / 2.84 TB (803.49 MB/s
) 58m57s (5/5)

real    58m57.624s
user    167m19.827s
sys     35m52.225s
Upload data: Done
------------------------------------------------
stderr: 

[INFO][17:33:26] Running command on instance i-0a53b7130f031c444 (infini-gram_dolma2-0020)
Instance i-0a53b7130f031c444:
stdout: 100.00%    2.24 TB / 2.24 TB (280.90 MB/s)
100.00%    2.24 TB / 2.24 TB (280.90 MB/s)
100.00%    2.24 TB / 2.24 TB (262.78 MB/s)
100.00%    2.24 TB / 2.24 TB (262.78 MB/s)
100.00%    2.24 TB / 2.24 TB (262.78 MB/s)
100.00%    2.24 TB / 2.24 TB (245.82 MB/s)
100.00%    2.24 TB / 2.24 TB (653.34 MB/s
) 57m15s (5/5)

real    57m15.374s
user    132m5.036s
sys     25m17.840s
Upload data: Done
------------------------------------------------
stderr: 

[INFO][17:33:28] Running command on instance i-0fb6ecb65a8929b95 (infini-gram_dolma2-0021)
Instance i-0fb6ecb65a8929b95:
stdout: 100.00%    2.66 TB / 2.66 TB (278.69 MB/s)
100.00%    2.66 TB / 2.66 TB (278.69 MB/s)
100.00%    2.66 TB / 2.66 TB (260.71 MB/s)
100.00%    2.66 TB / 2.66 TB (260.71 MB/s)
100.00%    2.66 TB / 2.66 TB (260.71 MB/s)
100.00%    2.66 TB / 2.66 TB (243.89 MB/s)
100.00%    2.66 TB / 2.66 TB (789.99 MB/
s) 56m8s (5/5)

real    56m8.187s
user    157m12.526s
sys     30m26.605s
Upload data: Done
------------------------------------------------
stderr: 

[INFO][17:33:30] Running command on instance i-0dd7d971d3cf2dc34 (infini-gram_dolma2-0022)
Instance i-0dd7d971d3cf2dc34:
stdout: 100.00%    2.62 TB / 2.62 TB (293.33 MB/s)
100.00%    2.62 TB / 2.62 TB (293.33 MB/s)
100.00%    2.62 TB / 2.62 TB (274.40 MB/s)
100.00%    2.62 TB / 2.62 TB (274.40 MB/s)
100.00%    2.62 TB / 2.62 TB (274.40 MB/s)
100.00%    2.62 TB / 2.62 TB (256.70 MB/s)
100.00%    2.62 TB / 2.62 TB (774.44 MB/s
) 56m29s (5/5)

real    56m28.673s
user    154m44.977s
sys     31m37.677s
Upload data: Done
------------------------------------------------
stderr: 

[INFO][17:33:32] Running command on instance i-02cf4e8f1872b84dc (infini-gram_dolma2-0023)
Instance i-02cf4e8f1872b84dc:
stdout: 100.00%    2.69 TB / 2.69 TB (297.34 MB/s)
100.00%    2.69 TB / 2.69 TB (278.16 MB/s)
100.00%    2.69 TB / 2.69 TB (278.16 MB/s)
100.00%    2.69 TB / 2.69 TB (278.16 MB/s)
100.00%    2.69 TB / 2.69 TB (260.21 MB/s)
100.00%    2.69 TB / 2.69 TB (260.21 MB/s)
100.00%    2.69 TB / 2.69 TB (748.26 MB/s
) 59m50s (5/5)

real    59m50.423s
user    158m39.262s
sys     31m13.753s
Upload data: Done
------------------------------------------------
stderr: 

[INFO][17:33:34] Command execution completed on 24 instances